app/build/intermediates/manifest_merge_blame_file/debug/manifest-merger-blame-debug-report.txt
1<?xml version="1.0" encoding="utf-8"?>
2<manifest xmlns:android="http://schemas.android.com/apk/res/android"
3    package="com.josrangel.opencvejemplo"
4    android:versionCode="1"
5    android:versionName="1.0" >
6
7    <uses-sdk
8        android:minSdkVersion="19"
8-->src/main/AndroidManifest.xml
9        android:targetSdkVersion="30" />
9-->src/main/AndroidManifest.xml
10
11    <uses-permission android:name="android.permission.CAMERA" />
11-->src/main/AndroidManifest.xml:5:5-64
11-->src/main/AndroidManifest.xml:5:22-62
12
13    <uses-feature
13-->src/main/AndroidManifest.xml:7:5-84
14        android:name="android.hardware.camera"
14-->src/main/AndroidManifest.xml:7:19-57
15        android:required="false" />
15-->src/main/AndroidManifest.xml:7:58-82
16    <uses-feature
16-->src/main/AndroidManifest.xml:8:5-94
17        android:name="android.hardware.camera.autofocus"
17-->src/main/AndroidManifest.xml:8:19-67
18        android:required="false" />
18-->src/main/AndroidManifest.xml:8:68-92
19    <uses-feature
19-->src/main/AndroidManifest.xml:9:5-90
20        android:name="android.hardware.camera.front"
20-->src/main/AndroidManifest.xml:9:19-63
21        android:required="false" />
21-->src/main/AndroidManifest.xml:9:64-88
22    <uses-feature
22-->src/main/AndroidManifest.xml:10:5-100
23        android:name="android.hardware.camera.front.autofocus"
23-->src/main/AndroidManifest.xml:10:19-73
24        android:required="false" />
24-->src/main/AndroidManifest.xml:10:74-98
25
26    <application
26-->src/main/AndroidManifest.xml:12:5-26:19
27        android:allowBackup="true"
27-->src/main/AndroidManifest.xml:13:9-35
28        android:appComponentFactory="androidx.core.app.CoreComponentFactory"
28-->[androidx.core:core:1.1.0] AndroidManifest.xml:24:18-86
29        android:debuggable="true"
30        android:icon="@mipmap/ic_launcher"
30-->src/main/AndroidManifest.xml:14:9-43
31        android:label="@string/app_name"
31-->src/main/AndroidManifest.xml:15:9-41
32        android:roundIcon="@mipmap/ic_launcher_round"
32-->src/main/AndroidManifest.xml:16:9-54
33        android:supportsRtl="true"
33-->src/main/AndroidManifest.xml:17:9-35
34        android:testOnly="true"
35        android:theme="@style/Theme.OpenCVEjemplo" >
35-->src/main/AndroidManifest.xml:18:9-51
36        <activity android:name="com.josrangel.opencvejemplo.MainActivity" >
36-->src/main/AndroidManifest.xml:19:9-25:20
36-->src/main/AndroidManifest.xml:19:19-47
37            <intent-filter>
37-->src/main/AndroidManifest.xml:20:13-24:29
38                <action android:name="android.intent.action.MAIN" />
38-->src/main/AndroidManifest.xml:21:17-69
38-->src/main/AndroidManifest.xml:21:25-66
39
40                <category android:name="android.intent.category.LAUNCHER" />
40-->src/main/AndroidManifest.xml:23:17-77
40-->src/main/AndroidManifest.xml:23:27-74
41            </intent-filter>
42        </activity>
43    </application>
44
45</manifest>